<?xml version="1.0" encoding="UTF-8"?>
<!-- Generated by org.testng.reporters.JUnitXMLReporter -->
<testsuite ignored="0" hostname="L340-GAMING" failures="0" tests="3" name="Default test" time="3.616" errors="0" timestamp="2023-09-29T20:07:55 IST">
  <testcase classname="com.DynamicPayloadStrategies.ParameterizePayload" name="ParaPay" time="2.951"/>
  <testcase classname="com.DynamicPayloadStrategies.ParameterizePayload" name="ParaPay" time="0.249"/>
  <testcase classname="com.DynamicPayloadStrategies.ParameterizePayload" name="ParaPay" time="0.299"/>
</testsuite> <!-- Default test -->
