<?xml version="1.0" encoding="UTF-8"?>
<testng-results ignored="0" total="3" passed="3" failed="0" skipped="0">
  <reporter-output>
  </reporter-output>
  <suite started-at="2023-09-29T20:07:51 IST" name="Default suite" finished-at="2023-09-29T20:07:55 IST" duration-ms="3616">
    <groups>
    </groups>
    <test started-at="2023-09-29T20:07:51 IST" name="Default test" finished-at="2023-09-29T20:07:55 IST" duration-ms="3616">
      <class name="com.DynamicPayloadStrategies.ParameterizePayload">
        <test-method signature="ParaPay(java.lang.String,java.lang.String)[pri:0, instance:com.DynamicPayloadStrategies.ParameterizePayload@abf688e]" started-at="2023-09-29T20:07:51 IST" name="ParaPay" data-provider="BooksData" finished-at="2023-09-29T20:07:54 IST" duration-ms="2951" status="PASS">
          <params>
            <param index="0">
              <value>
                <![CDATA[Billy]]>
              </value>
            </param>
            <param index="1">
              <value>
                <![CDATA[Cargill]]>
              </value>
            </param>
          </params>
          <reporter-output>
          </reporter-output>
        </test-method> <!-- ParaPay -->
        <test-method signature="ParaPay(java.lang.String,java.lang.String)[pri:0, instance:com.DynamicPayloadStrategies.ParameterizePayload@abf688e]" started-at="2023-09-29T20:07:54 IST" name="ParaPay" data-provider="BooksData" finished-at="2023-09-29T20:07:54 IST" duration-ms="249" status="PASS">
          <params>
            <param index="0">
              <value>
                <![CDATA[Luke]]>
              </value>
            </param>
            <param index="1">
              <value>
                <![CDATA[Bolton]]>
              </value>
            </param>
          </params>
          <reporter-output>
          </reporter-output>
        </test-method> <!-- ParaPay -->
        <test-method signature="ParaPay(java.lang.String,java.lang.String)[pri:0, instance:com.DynamicPayloadStrategies.ParameterizePayload@abf688e]" started-at="2023-09-29T20:07:54 IST" name="ParaPay" data-provider="BooksData" finished-at="2023-09-29T20:07:55 IST" duration-ms="299" status="PASS">
          <params>
            <param index="0">
              <value>
                <![CDATA[Jordan]]>
              </value>
            </param>
            <param index="1">
              <value>
                <![CDATA[Houghton]]>
              </value>
            </param>
          </params>
          <reporter-output>
          </reporter-output>
        </test-method> <!-- ParaPay -->
      </class> <!-- com.DynamicPayloadStrategies.ParameterizePayload -->
    </test> <!-- Default test -->
  </suite> <!-- Default suite -->
</testng-results>
